<?xml version="1.0" encoding="UTF-8"?>
<testsuite xmlns:xsi="http://www.w3.org/2001/XMLSchema-instance" xsi:noNamespaceSchemaLocation="https://maven.apache.org/surefire/maven-surefire-plugin/xsd/surefire-test-report.xsd" name="src.test.java.Mesto1Test" time="14.069" tests="2" errors="0" skipped="0" failures="0">
  <properties>
[...]
</properties>
  <testcase name="likeTheFirstPhoto" classname="src.test.java.Mesto1Test" time="12.893"/>
  <testcase name="addNewPhoto" classname="src.test.java.Mesto1Test" time="0.927"/>
</testsuite>